<?xml version="1.0" encoding="UTF-8"?>
<!-- Generated by org.testng.reporters.JUnitReportReporter -->
<testsuite hostname="INDHYDELP029" name="com.aqm.tests.AutomationDriverScript" tests="1" failures="1" timestamp="24 Jul 2018 12:18:02 GMT" time="0.000" errors="0">
  <testcase name="scriptExecutioner" time="0.000" classname="com.aqm.tests.AutomationDriverScript">
    <failure type="org.testng.TestNGException" message="
Parameter &#039;testPlan_Reference&#039; is required by @Test on method scriptExecutioner but has not been marked @Optional or defined
in C:\framework\NIAFrameworkLatest_22Nov2016\NIATestAutomation\seltaf\TestNG.xml">
      <![CDATA[org.testng.TestNGException: 
Parameter 'testPlan_Reference' is required by @Test on method scriptExecutioner but has not been marked @Optional or defined
in C:\framework\NIAFrameworkLatest_22Nov2016\NIATestAutomation\seltaf\TestNG.xml
	at org.testng.internal.Parameters.createParameters(Parameters.java:155)
	at org.testng.internal.Parameters.createParameters(Parameters.java:358)
	at org.testng.internal.Parameters.handleParameters(Parameters.java:450)
	at org.testng.internal.Invoker.handleParameters(Invoker.java:1383)
	at org.testng.internal.Invoker.createParameters(Invoker.java:1075)
	at org.testng.internal.Invoker.invokeTestMethods(Invoker.java:1180)
	at org.testng.internal.TestMethodWorker.invokeTestMethods(TestMethodWorker.java:127)
	at org.testng.internal.TestMethodWorker.run(TestMethodWorker.java:111)
	at java.util.concurrent.ThreadPoolExecutor.runWorker(Unknown Source)
	at java.util.concurrent.ThreadPoolExecutor$Worker.run(Unknown Source)
	at java.lang.Thread.run(Unknown Source)
]]>
    </failure>
  </testcase> <!-- scriptExecutioner -->
</testsuite> <!-- com.aqm.tests.AutomationDriverScript -->
