<?xml version="1.0" encoding="UTF-8"?>
<!-- Generated by org.testng.reporters.JUnitXMLReporter -->
<testsuite hostname="INDHYDELP029" name="Chrome" tests="1" failures="0" timestamp="24 Jul 2018 12:18:02 GMT" time="0.018" errors="0">
  <testcase name="@BeforeSuite beforeTestSuiteExecutioner" time="0.0" classname="com.aqm.tests.AutomationDriverScript">
    <failure type="org.testng.TestNGException" message="
Parameter &amp;apos;testPlan_Reference&amp;apos; is required by @Configuration on method beforeTestSuiteExecutioner but has not been marked @Optional or defined
in C:\framework\NIAFrameworkLatest_22Nov2016\NIATestAutomation\seltaf\TestNG.xml">
      <![CDATA[org.testng.TestNGException: 
Parameter 'testPlan_Reference' is required by @Configuration on method beforeTestSuiteExecutioner but has not been marked @Optional or defined
in C:\framework\NIAFrameworkLatest_22Nov2016\NIATestAutomation\seltaf\TestNG.xml
	at org.testng.internal.Parameters.createParameters(Parameters.java:155)
	at org.testng.internal.Parameters.createParameters(Parameters.java:358)
	at org.testng.internal.Parameters.createConfigurationParameters(Parameters.java:86)
	at org.testng.internal.Invoker.invokeConfigurations(Invoker.java:199)
	at org.testng.internal.Invoker.invokeConfigurations(Invoker.java:138)
	at org.testng.SuiteRunner.privateRun(SuiteRunner.java:277)
	at org.testng.SuiteRunner.run(SuiteRunner.java:240)
	at org.testng.SuiteRunnerWorker.runSuite(SuiteRunnerWorker.java:52)
	at org.testng.SuiteRunnerWorker.run(SuiteRunnerWorker.java:86)
	at org.testng.TestNG.runSuitesSequentially(TestNG.java:1224)
	at org.testng.TestNG.runSuitesLocally(TestNG.java:1149)
	at org.testng.TestNG.run(TestNG.java:1057)
	at org.testng.remote.AbstractRemoteTestNG.run(AbstractRemoteTestNG.java:114)
	at org.testng.remote.RemoteTestNG.initAndRun(RemoteTestNG.java:251)
	at org.testng.remote.RemoteTestNG.main(RemoteTestNG.java:77)
]]>
    </failure>
  </testcase> <!-- @BeforeSuite beforeTestSuiteExecutioner -->
  <testcase name="@BeforeSuite beforeMasterTestSuiteExecutioner" time="0.0" classname="com.aqm.tests.AutomationDriverScript">
    <skipped/>
  </testcase> <!-- @BeforeSuite beforeMasterTestSuiteExecutioner -->
  <testcase name="scriptExecutioner" time="0.001" classname="com.aqm.tests.AutomationDriverScript">
    <skipped/>
  </testcase> <!-- scriptExecutioner -->
</testsuite> <!-- Chrome -->
