<!DOCTYPE html PUBLIC "-//W3C//DTD XHTML 1.1//EN" "http://www.w3.org/TR/xhtml11/DTD/xhtml11.dtd">
<html xmlns="http://www.w3.org/1999/xhtml"><head><title>TestNG Report</title><style type="text/css">table {margin-bottom:10px;border-collapse:collapse;empty-cells:show}th,td {border:1px solid #009;padding:.25em .5em}th {vertical-align:bottom}td {vertical-align:top}table a {font-weight:bold}.stripe td {background-color: #E6EBF9}.num {text-align:right}.passedodd td {background-color: #3F3}.passedeven td {background-color: #0A0}.skippedodd td {background-color: #DDD}.skippedeven td {background-color: #CCC}.failedodd td,.attn {background-color: #F33}.failedeven td,.stripe .attn {background-color: #D00}.stacktrace {white-space:pre;font-family:monospace}.totop {font-size:85%;text-align:center;border-bottom:2px solid #000}</style></head><body><table><tr><th>Test</th><th># Passed</th><th># Skipped</th><th># Failed</th><th>Time (ms)</th><th>Included Groups</th><th>Excluded Groups</th></tr><tr><th colspan="7">Suite</th></tr><tr><td><a href="#t0">Chrome</a></td><td class="num">0</td><td class="num">0</td><td class="num attn">1</td><td class="num">18</td><td></td><td></td></tr></table><table><thead><tr><th>Class</th><th>Method</th><th>Start</th><th>Time (ms)</th></tr></thead><tbody><tr><th colspan="4">Suite</th></tr></tbody><tbody id="t0"><tr><th colspan="4">Chrome &#8212; failed (configuration methods)</th></tr><tr class="failedeven"><td rowspan="1">com.aqm.tests.AutomationDriverScript</td><td><a href="#m0">beforeTestSuiteExecutioner</a></td><td rowspan="1">1532434682148</td><td rowspan="1">0</td></tr><tr><th colspan="4">Chrome &#8212; failed</th></tr><tr class="failedeven"><td rowspan="1">com.aqm.tests.AutomationDriverScript</td><td><a href="#m1">scriptExecutioner</a></td><td rowspan="1">1532434682173</td><td rowspan="1">0</td></tr><tr><th colspan="4">Chrome &#8212; skipped (configuration methods)</th></tr><tr class="skippedeven"><td rowspan="3">com.aqm.tests.AutomationDriverScript</td><td><a href="#m2">afterMasterTestSuiteExecutioner</a></td><td rowspan="1">1532434682211</td><td rowspan="1">0</td></tr><tr class="skippedeven"><td><a href="#m3">afterTestSuiteExecutioner</a></td><td rowspan="1">1532434682210</td><td rowspan="1">0</td></tr><tr class="skippedeven"><td><a href="#m4">beforeMasterTestSuiteExecutioner</a></td><td rowspan="1">1532434682156</td><td rowspan="1">0</td></tr></tbody></table><h2>Chrome</h2><h3 id="m0">com.aqm.tests.AutomationDriverScript#beforeTestSuiteExecutioner</h3><table class="result"><tr><th>Exception</th></tr><tr><td><div class="stacktrace">org.testng.TestNGException: 
Parameter &apos;testPlan_Reference&apos; is required by @Configuration on method beforeTestSuiteExecutioner but has not been marked @Optional or defined
in C:\framework\NIAFrameworkLatest_22Nov2016\NIATestAutomation\seltaf\TestNG.xml
	at org.testng.internal.Parameters.createParameters(Parameters.java:155)
	at org.testng.internal.Parameters.createParameters(Parameters.java:358)
	at org.testng.internal.Parameters.createConfigurationParameters(Parameters.java:86)
	at org.testng.internal.Invoker.invokeConfigurations(Invoker.java:199)
	at org.testng.internal.Invoker.invokeConfigurations(Invoker.java:138)
	at org.testng.SuiteRunner.privateRun(SuiteRunner.java:277)
	at org.testng.SuiteRunner.run(SuiteRunner.java:240)
	at org.testng.SuiteRunnerWorker.runSuite(SuiteRunnerWorker.java:52)
	at org.testng.SuiteRunnerWorker.run(SuiteRunnerWorker.java:86)
	at org.testng.TestNG.runSuitesSequentially(TestNG.java:1224)
	at org.testng.TestNG.runSuitesLocally(TestNG.java:1149)
	at org.testng.TestNG.run(TestNG.java:1057)
	at org.testng.remote.AbstractRemoteTestNG.run(AbstractRemoteTestNG.java:114)
	at org.testng.remote.RemoteTestNG.initAndRun(RemoteTestNG.java:251)
	at org.testng.remote.RemoteTestNG.main(RemoteTestNG.java:77)
</div></td></tr></table><p class="totop"><a href="#summary">back to summary</a></p><h3 id="m1">com.aqm.tests.AutomationDriverScript#scriptExecutioner</h3><table class="result"><tr><th>Exception</th></tr><tr><td><div class="stacktrace">org.testng.TestNGException: 
Parameter &apos;testPlan_Reference&apos; is required by @Test on method scriptExecutioner but has not been marked @Optional or defined
in C:\framework\NIAFrameworkLatest_22Nov2016\NIATestAutomation\seltaf\TestNG.xml
	at org.testng.internal.Parameters.createParameters(Parameters.java:155)
	at org.testng.internal.Parameters.createParameters(Parameters.java:358)
	at org.testng.internal.Parameters.handleParameters(Parameters.java:450)
	at org.testng.internal.Invoker.handleParameters(Invoker.java:1383)
	at org.testng.internal.Invoker.createParameters(Invoker.java:1075)
	at org.testng.internal.Invoker.invokeTestMethods(Invoker.java:1180)
	at org.testng.internal.TestMethodWorker.invokeTestMethods(TestMethodWorker.java:127)
	at org.testng.internal.TestMethodWorker.run(TestMethodWorker.java:111)
	at java.util.concurrent.ThreadPoolExecutor.runWorker(Unknown Source)
	at java.util.concurrent.ThreadPoolExecutor$Worker.run(Unknown Source)
	at java.lang.Thread.run(Unknown Source)
</div></td></tr></table><p class="totop"><a href="#summary">back to summary</a></p><h3 id="m2">com.aqm.tests.AutomationDriverScript#afterMasterTestSuiteExecutioner</h3><table class="result"></table><p class="totop"><a href="#summary">back to summary</a></p><h3 id="m3">com.aqm.tests.AutomationDriverScript#afterTestSuiteExecutioner</h3><table class="result"></table><p class="totop"><a href="#summary">back to summary</a></p><h3 id="m4">com.aqm.tests.AutomationDriverScript#beforeMasterTestSuiteExecutioner</h3><table class="result"></table><p class="totop"><a href="#summary">back to summary</a></p></body></html>