<?xml version="1.0" encoding="UTF-8"?>
<testng-results skipped="0" failed="1" total="1" passed="0">
  <reporter-output>
  </reporter-output>
  <suite name="Suite" duration-ms="18" started-at="2018-07-24T12:18:02Z" finished-at="2018-07-24T12:18:02Z">
    <groups>
      <group name="functional">
        <method signature="AutomationDriverScript.scriptExecutioner(java.lang.String, java.lang.String, java.lang.String, java.lang.String, java.lang.String, java.lang.String, java.lang.String, java.lang.String, java.lang.String, java.lang.String, java.lang.String, java.lang.String, java.lang.String, java.lang.String)[pri:0, instance:com.aqm.tests.AutomationDriverScript@c8211c]" name="scriptExecutioner" class="com.aqm.tests.AutomationDriverScript"/>
      </group> <!-- functional -->
    </groups>
    <test name="Chrome" duration-ms="18" started-at="2018-07-24T12:18:02Z" finished-at="2018-07-24T12:18:02Z">
      <class name="com.aqm.tests.AutomationDriverScript">
        <test-method status="FAIL" signature="beforeTestSuiteExecutioner(java.lang.String, java.lang.String, java.lang.String, java.lang.String, java.lang.String, java.lang.String, java.lang.String, java.lang.String)[pri:0, instance:com.aqm.tests.AutomationDriverScript@c8211c]" name="beforeTestSuiteExecutioner" is-config="true" duration-ms="0" started-at="2018-07-24T17:48:02Z" finished-at="2018-07-24T17:48:02Z">
          <exception class="org.testng.TestNGException">
            <message>
              <![CDATA[
Parameter 'testPlan_Reference' is required by @Configuration on method beforeTestSuiteExecutioner but has not been marked @Optional or defined
in C:\framework\NIAFrameworkLatest_22Nov2016\NIATestAutomation\seltaf\TestNG.xml]]>
            </message>
            <full-stacktrace>
              <![CDATA[org.testng.TestNGException: 
Parameter 'testPlan_Reference' is required by @Configuration on method beforeTestSuiteExecutioner but has not been marked @Optional or defined
in C:\framework\NIAFrameworkLatest_22Nov2016\NIATestAutomation\seltaf\TestNG.xml
	at org.testng.internal.Parameters.createParameters(Parameters.java:155)
	at org.testng.internal.Parameters.createParameters(Parameters.java:358)
	at org.testng.internal.Parameters.createConfigurationParameters(Parameters.java:86)
	at org.testng.internal.Invoker.invokeConfigurations(Invoker.java:199)
	at org.testng.internal.Invoker.invokeConfigurations(Invoker.java:138)
	at org.testng.SuiteRunner.privateRun(SuiteRunner.java:277)
	at org.testng.SuiteRunner.run(SuiteRunner.java:240)
	at org.testng.SuiteRunnerWorker.runSuite(SuiteRunnerWorker.java:52)
	at org.testng.SuiteRunnerWorker.run(SuiteRunnerWorker.java:86)
	at org.testng.TestNG.runSuitesSequentially(TestNG.java:1224)
	at org.testng.TestNG.runSuitesLocally(TestNG.java:1149)
	at org.testng.TestNG.run(TestNG.java:1057)
	at org.testng.remote.AbstractRemoteTestNG.run(AbstractRemoteTestNG.java:114)
	at org.testng.remote.RemoteTestNG.initAndRun(RemoteTestNG.java:251)
	at org.testng.remote.RemoteTestNG.main(RemoteTestNG.java:77)
]]>
            </full-stacktrace>
          </exception> <!-- org.testng.TestNGException -->
          <reporter-output>
          </reporter-output>
        </test-method> <!-- beforeTestSuiteExecutioner -->
        <test-method status="SKIP" signature="beforeMasterTestSuiteExecutioner(java.lang.String, java.lang.String, java.lang.String, java.lang.String, java.lang.String, java.lang.String)[pri:0, instance:com.aqm.tests.MasterTestSuiteBeforeSuite@607a4f]" name="beforeMasterTestSuiteExecutioner" is-config="true" duration-ms="0" started-at="2018-07-24T17:48:02Z" finished-at="2018-07-24T17:48:02Z">
          <reporter-output>
          </reporter-output>
        </test-method> <!-- beforeMasterTestSuiteExecutioner -->
        <test-method status="FAIL" signature="scriptExecutioner(java.lang.String, java.lang.String, java.lang.String, java.lang.String, java.lang.String, java.lang.String, java.lang.String, java.lang.String, java.lang.String, java.lang.String, java.lang.String, java.lang.String, java.lang.String, java.lang.String)[pri:0, instance:com.aqm.tests.AutomationDriverScript@c8211c]" name="scriptExecutioner" duration-ms="0" started-at="2018-07-24T17:48:02Z" finished-at="2018-07-24T17:48:02Z">
          <exception class="org.testng.TestNGException">
            <message>
              <![CDATA[
Parameter 'testPlan_Reference' is required by @Test on method scriptExecutioner but has not been marked @Optional or defined
in C:\framework\NIAFrameworkLatest_22Nov2016\NIATestAutomation\seltaf\TestNG.xml]]>
            </message>
            <full-stacktrace>
              <![CDATA[org.testng.TestNGException: 
Parameter 'testPlan_Reference' is required by @Test on method scriptExecutioner but has not been marked @Optional or defined
in C:\framework\NIAFrameworkLatest_22Nov2016\NIATestAutomation\seltaf\TestNG.xml
	at org.testng.internal.Parameters.createParameters(Parameters.java:155)
	at org.testng.internal.Parameters.createParameters(Parameters.java:358)
	at org.testng.internal.Parameters.handleParameters(Parameters.java:450)
	at org.testng.internal.Invoker.handleParameters(Invoker.java:1383)
	at org.testng.internal.Invoker.createParameters(Invoker.java:1075)
	at org.testng.internal.Invoker.invokeTestMethods(Invoker.java:1180)
	at org.testng.internal.TestMethodWorker.invokeTestMethods(TestMethodWorker.java:127)
	at org.testng.internal.TestMethodWorker.run(TestMethodWorker.java:111)
	at java.util.concurrent.ThreadPoolExecutor.runWorker(Unknown Source)
	at java.util.concurrent.ThreadPoolExecutor$Worker.run(Unknown Source)
	at java.lang.Thread.run(Unknown Source)
]]>
            </full-stacktrace>
          </exception> <!-- org.testng.TestNGException -->
          <reporter-output>
          </reporter-output>
        </test-method> <!-- scriptExecutioner -->
        <test-method status="SKIP" signature="afterTestSuiteExecutioner(java.lang.String, java.lang.String, java.lang.String, java.lang.String, java.lang.String, java.lang.String, java.lang.String, java.lang.String)[pri:0, instance:com.aqm.tests.AutomationDriverScript@c8211c]" name="afterTestSuiteExecutioner" is-config="true" duration-ms="0" started-at="2018-07-24T17:48:02Z" finished-at="2018-07-24T17:48:02Z">
          <reporter-output>
          </reporter-output>
        </test-method> <!-- afterTestSuiteExecutioner -->
        <test-method status="SKIP" signature="afterMasterTestSuiteExecutioner(java.lang.String, java.lang.String, java.lang.String, java.lang.String, java.lang.String, java.lang.String)[pri:0, instance:com.aqm.tests.MasterTestSuiteAfterSuite@76c8cd]" name="afterMasterTestSuiteExecutioner" is-config="true" duration-ms="0" started-at="2018-07-24T17:48:02Z" finished-at="2018-07-24T17:48:02Z">
          <reporter-output>
          </reporter-output>
        </test-method> <!-- afterMasterTestSuiteExecutioner -->
      </class> <!-- com.aqm.tests.AutomationDriverScript -->
    </test> <!-- Chrome -->
  </suite> <!-- Suite -->
</testng-results>
